node:internal/modules/cjs/loader:1651
  return process.dlopen(module, path.toNamespacedPath(filename));
                 ^

Error: The module '/Users/user/Desktop/new-yt/yt-clear/node_modules/better-sqlite3/build/Release/better_sqlite3.node'
was compiled against a different Node.js version using
NODE_MODULE_VERSION 108. This version of Node.js requires
NODE_MODULE_VERSION 115. Please try re-compiling or re-installing
the module (for instance, using `npm rebuild` or `npm install`).
    at Module._extensions..node (node:internal/modules/cjs/loader:1651:18)
    at Module.load (node:internal/modules/cjs/loader:1275:32)
    at Module._load (node:internal/modules/cjs/loader:1096:12)
    at Module.require (node:internal/modules/cjs/loader:1298:19)
    at require (node:internal/modules/helpers:182:18)
    at bindings (/Users/user/Desktop/new-yt/yt-clear/node_modules/bindings/bindings.js:112:48)
    at new Database (/Users/user/Desktop/new-yt/yt-clear/node_modules/better-sqlite3/lib/database.js:48:64)
    at file:///Users/user/Desktop/new-yt/yt-clear/api/config/db.js:10:19
    at ModuleJob.run (node:internal/modules/esm/module_job:263:25)
    at async ModuleLoader.import (node:internal/modules/esm/loader:540:24) {
  code: 'ERR_DLOPEN_FAILED'
}

Node.js v20.19.4
