❌ [SQLITE] Database initialization failed: The module '/Users/user/Desktop/new-yt/yt-clear/node_modules/better-sqlite3/build/Release/better_sqlite3.node'
was compiled against a different Node.js version using
NODE_MODULE_VERSION 115. This version of Node.js requires
NODE_MODULE_VERSION 108. Please try re-compiling or re-installing
the module (for instance, using `npm rebuild` or `npm install`).
❌ [SQLITE] Database initialization failed: The module '/Users/user/Desktop/new-yt/yt-clear/node_modules/better-sqlite3/build/Release/better_sqlite3.node'
was compiled against a different Node.js version using
NODE_MODULE_VERSION 115. This version of Node.js requires
NODE_MODULE_VERSION 108. Please try re-compiling or re-installing
the module (for instance, using `npm rebuild` or `npm install`).
(node:43257) Warning: Setting the NODE_TLS_REJECT_UNAUTHORIZED environment variable to '0' makes TLS connections and HTTPS requests insecure by disabling certificate verification.
(Use `node --trace-warnings ...` to show where the warning was created)
Error loading feed: TypeError: db.all is not a function
    at file:///Users/user/Desktop/new-yt/yt-clear/api/routes/battalooda.js:72:37
    at Layer.handle [as handle_request] (/Users/user/Desktop/new-yt/yt-clear/node_modules/express/lib/router/layer.js:95:5)
    at next (/Users/user/Desktop/new-yt/yt-clear/node_modules/express/lib/router/route.js:149:13)
    at Route.dispatch (/Users/user/Desktop/new-yt/yt-clear/node_modules/express/lib/router/route.js:119:3)
    at Layer.handle [as handle_request] (/Users/user/Desktop/new-yt/yt-clear/node_modules/express/lib/router/layer.js:95:5)
    at /Users/user/Desktop/new-yt/yt-clear/node_modules/express/lib/router/index.js:284:15
    at Function.process_params (/Users/user/Desktop/new-yt/yt-clear/node_modules/express/lib/router/index.js:346:12)
    at next (/Users/user/Desktop/new-yt/yt-clear/node_modules/express/lib/router/index.js:280:10)
    at Function.handle (/Users/user/Desktop/new-yt/yt-clear/node_modules/express/lib/router/index.js:175:3)
    at router (/Users/user/Desktop/new-yt/yt-clear/node_modules/express/lib/router/index.js:47:12)
Error loading feed: TypeError: db.all is not a function
    at file:///Users/user/Desktop/new-yt/yt-clear/api/routes/battalooda.js:72:37
    at Layer.handle [as handle_request] (/Users/user/Desktop/new-yt/yt-clear/node_modules/express/lib/router/layer.js:95:5)
    at next (/Users/user/Desktop/new-yt/yt-clear/node_modules/express/lib/router/route.js:149:13)
    at Route.dispatch (/Users/user/Desktop/new-yt/yt-clear/node_modules/express/lib/router/route.js:119:3)
    at Layer.handle [as handle_request] (/Users/user/Desktop/new-yt/yt-clear/node_modules/express/lib/router/layer.js:95:5)
    at /Users/user/Desktop/new-yt/yt-clear/node_modules/express/lib/router/index.js:284:15
    at Function.process_params (/Users/user/Desktop/new-yt/yt-clear/node_modules/express/lib/router/index.js:346:12)
    at next (/Users/user/Desktop/new-yt/yt-clear/node_modules/express/lib/router/index.js:280:10)
    at Function.handle (/Users/user/Desktop/new-yt/yt-clear/node_modules/express/lib/router/index.js:175:3)
    at router (/Users/user/Desktop/new-yt/yt-clear/node_modules/express/lib/router/index.js:47:12)
Error loading feed: TypeError: db.all is not a function
    at file:///Users/user/Desktop/new-yt/yt-clear/api/routes/battalooda.js:72:37
    at Layer.handle [as handle_request] (/Users/user/Desktop/new-yt/yt-clear/node_modules/express/lib/router/layer.js:95:5)
    at next (/Users/user/Desktop/new-yt/yt-clear/node_modules/express/lib/router/route.js:149:13)
    at Route.dispatch (/Users/user/Desktop/new-yt/yt-clear/node_modules/express/lib/router/route.js:119:3)
    at Layer.handle [as handle_request] (/Users/user/Desktop/new-yt/yt-clear/node_modules/express/lib/router/layer.js:95:5)
    at /Users/user/Desktop/new-yt/yt-clear/node_modules/express/lib/router/index.js:284:15
    at Function.process_params (/Users/user/Desktop/new-yt/yt-clear/node_modules/express/lib/router/index.js:346:12)
    at next (/Users/user/Desktop/new-yt/yt-clear/node_modules/express/lib/router/index.js:280:10)
    at Function.handle (/Users/user/Desktop/new-yt/yt-clear/node_modules/express/lib/router/index.js:175:3)
    at router (/Users/user/Desktop/new-yt/yt-clear/node_modules/express/lib/router/index.js:47:12)
Error loading feed: TypeError: db.all is not a function
    at file:///Users/user/Desktop/new-yt/yt-clear/api/routes/battalooda.js:72:37
    at Layer.handle [as handle_request] (/Users/user/Desktop/new-yt/yt-clear/node_modules/express/lib/router/layer.js:95:5)
    at next (/Users/user/Desktop/new-yt/yt-clear/node_modules/express/lib/router/route.js:149:13)
    at Route.dispatch (/Users/user/Desktop/new-yt/yt-clear/node_modules/express/lib/router/route.js:119:3)
    at Layer.handle [as handle_request] (/Users/user/Desktop/new-yt/yt-clear/node_modules/express/lib/router/layer.js:95:5)
    at /Users/user/Desktop/new-yt/yt-clear/node_modules/express/lib/router/index.js:284:15
    at Function.process_params (/Users/user/Desktop/new-yt/yt-clear/node_modules/express/lib/router/index.js:346:12)
    at next (/Users/user/Desktop/new-yt/yt-clear/node_modules/express/lib/router/index.js:280:10)
    at Function.handle (/Users/user/Desktop/new-yt/yt-clear/node_modules/express/lib/router/index.js:175:3)
    at router (/Users/user/Desktop/new-yt/yt-clear/node_modules/express/lib/router/index.js:47:12)
Error loading feed: TypeError: db.all is not a function
    at file:///Users/user/Desktop/new-yt/yt-clear/api/routes/battalooda.js:72:37
    at Layer.handle [as handle_request] (/Users/user/Desktop/new-yt/yt-clear/node_modules/express/lib/router/layer.js:95:5)
    at next (/Users/user/Desktop/new-yt/yt-clear/node_modules/express/lib/router/route.js:149:13)
    at Route.dispatch (/Users/user/Desktop/new-yt/yt-clear/node_modules/express/lib/router/route.js:119:3)
    at Layer.handle [as handle_request] (/Users/user/Desktop/new-yt/yt-clear/node_modules/express/lib/router/layer.js:95:5)
    at /Users/user/Desktop/new-yt/yt-clear/node_modules/express/lib/router/index.js:284:15
    at Function.process_params (/Users/user/Desktop/new-yt/yt-clear/node_modules/express/lib/router/index.js:346:12)
    at next (/Users/user/Desktop/new-yt/yt-clear/node_modules/express/lib/router/index.js:280:10)
    at Function.handle (/Users/user/Desktop/new-yt/yt-clear/node_modules/express/lib/router/index.js:175:3)
    at router (/Users/user/Desktop/new-yt/yt-clear/node_modules/express/lib/router/index.js:47:12)
Error loading feed: TypeError: db.all is not a function
    at file:///Users/user/Desktop/new-yt/yt-clear/api/routes/battalooda.js:72:37
    at Layer.handle [as handle_request] (/Users/user/Desktop/new-yt/yt-clear/node_modules/express/lib/router/layer.js:95:5)
    at next (/Users/user/Desktop/new-yt/yt-clear/node_modules/express/lib/router/route.js:149:13)
    at Route.dispatch (/Users/user/Desktop/new-yt/yt-clear/node_modules/express/lib/router/route.js:119:3)
    at Layer.handle [as handle_request] (/Users/user/Desktop/new-yt/yt-clear/node_modules/express/lib/router/layer.js:95:5)
    at /Users/user/Desktop/new-yt/yt-clear/node_modules/express/lib/router/index.js:284:15
    at Function.process_params (/Users/user/Desktop/new-yt/yt-clear/node_modules/express/lib/router/index.js:346:12)
    at next (/Users/user/Desktop/new-yt/yt-clear/node_modules/express/lib/router/index.js:280:10)
    at Function.handle (/Users/user/Desktop/new-yt/yt-clear/node_modules/express/lib/router/index.js:175:3)
    at router (/Users/user/Desktop/new-yt/yt-clear/node_modules/express/lib/router/index.js:47:12)
Error loading feed: TypeError: db.all is not a function
    at file:///Users/user/Desktop/new-yt/yt-clear/api/routes/battalooda.js:72:37
    at Layer.handle [as handle_request] (/Users/user/Desktop/new-yt/yt-clear/node_modules/express/lib/router/layer.js:95:5)
    at next (/Users/user/Desktop/new-yt/yt-clear/node_modules/express/lib/router/route.js:149:13)
    at Route.dispatch (/Users/user/Desktop/new-yt/yt-clear/node_modules/express/lib/router/route.js:119:3)
    at Layer.handle [as handle_request] (/Users/user/Desktop/new-yt/yt-clear/node_modules/express/lib/router/layer.js:95:5)
    at /Users/user/Desktop/new-yt/yt-clear/node_modules/express/lib/router/index.js:284:15
    at Function.process_params (/Users/user/Desktop/new-yt/yt-clear/node_modules/express/lib/router/index.js:346:12)
    at next (/Users/user/Desktop/new-yt/yt-clear/node_modules/express/lib/router/index.js:280:10)
    at Function.handle (/Users/user/Desktop/new-yt/yt-clear/node_modules/express/lib/router/index.js:175:3)
    at router (/Users/user/Desktop/new-yt/yt-clear/node_modules/express/lib/router/index.js:47:12)
Error loading feed: TypeError: db.all is not a function
    at file:///Users/user/Desktop/new-yt/yt-clear/api/routes/battalooda.js:72:37
    at Layer.handle [as handle_request] (/Users/user/Desktop/new-yt/yt-clear/node_modules/express/lib/router/layer.js:95:5)
    at next (/Users/user/Desktop/new-yt/yt-clear/node_modules/express/lib/router/route.js:149:13)
    at Route.dispatch (/Users/user/Desktop/new-yt/yt-clear/node_modules/express/lib/router/route.js:119:3)
    at Layer.handle [as handle_request] (/Users/user/Desktop/new-yt/yt-clear/node_modules/express/lib/router/layer.js:95:5)
    at /Users/user/Desktop/new-yt/yt-clear/node_modules/express/lib/router/index.js:284:15
    at Function.process_params (/Users/user/Desktop/new-yt/yt-clear/node_modules/express/lib/router/index.js:346:12)
    at next (/Users/user/Desktop/new-yt/yt-clear/node_modules/express/lib/router/index.js:280:10)
    at Function.handle (/Users/user/Desktop/new-yt/yt-clear/node_modules/express/lib/router/index.js:175:3)
    at router (/Users/user/Desktop/new-yt/yt-clear/node_modules/express/lib/router/index.js:47:12)
Error loading feed: TypeError: db.all is not a function
    at file:///Users/user/Desktop/new-yt/yt-clear/api/routes/battalooda.js:72:37
    at Layer.handle [as handle_request] (/Users/user/Desktop/new-yt/yt-clear/node_modules/express/lib/router/layer.js:95:5)
    at next (/Users/user/Desktop/new-yt/yt-clear/node_modules/express/lib/router/route.js:149:13)
    at Route.dispatch (/Users/user/Desktop/new-yt/yt-clear/node_modules/express/lib/router/route.js:119:3)
    at Layer.handle [as handle_request] (/Users/user/Desktop/new-yt/yt-clear/node_modules/express/lib/router/layer.js:95:5)
    at /Users/user/Desktop/new-yt/yt-clear/node_modules/express/lib/router/index.js:284:15
    at Function.process_params (/Users/user/Desktop/new-yt/yt-clear/node_modules/express/lib/router/index.js:346:12)
    at next (/Users/user/Desktop/new-yt/yt-clear/node_modules/express/lib/router/index.js:280:10)
    at Function.handle (/Users/user/Desktop/new-yt/yt-clear/node_modules/express/lib/router/index.js:175:3)
    at router (/Users/user/Desktop/new-yt/yt-clear/node_modules/express/lib/router/index.js:47:12)
Error loading feed: TypeError: db.all is not a function
    at file:///Users/user/Desktop/new-yt/yt-clear/api/routes/battalooda.js:72:37
    at Layer.handle [as handle_request] (/Users/user/Desktop/new-yt/yt-clear/node_modules/express/lib/router/layer.js:95:5)
    at next (/Users/user/Desktop/new-yt/yt-clear/node_modules/express/lib/router/route.js:149:13)
    at Route.dispatch (/Users/user/Desktop/new-yt/yt-clear/node_modules/express/lib/router/route.js:119:3)
    at Layer.handle [as handle_request] (/Users/user/Desktop/new-yt/yt-clear/node_modules/express/lib/router/layer.js:95:5)
    at /Users/user/Desktop/new-yt/yt-clear/node_modules/express/lib/router/index.js:284:15
    at Function.process_params (/Users/user/Desktop/new-yt/yt-clear/node_modules/express/lib/router/index.js:346:12)
    at next (/Users/user/Desktop/new-yt/yt-clear/node_modules/express/lib/router/index.js:280:10)
    at Function.handle (/Users/user/Desktop/new-yt/yt-clear/node_modules/express/lib/router/index.js:175:3)
    at router (/Users/user/Desktop/new-yt/yt-clear/node_modules/express/lib/router/index.js:47:12)
Error loading feed: TypeError: db.all is not a function
    at file:///Users/user/Desktop/new-yt/yt-clear/api/routes/battalooda.js:72:37
    at Layer.handle [as handle_request] (/Users/user/Desktop/new-yt/yt-clear/node_modules/express/lib/router/layer.js:95:5)
    at next (/Users/user/Desktop/new-yt/yt-clear/node_modules/express/lib/router/route.js:149:13)
    at Route.dispatch (/Users/user/Desktop/new-yt/yt-clear/node_modules/express/lib/router/route.js:119:3)
    at Layer.handle [as handle_request] (/Users/user/Desktop/new-yt/yt-clear/node_modules/express/lib/router/layer.js:95:5)
    at /Users/user/Desktop/new-yt/yt-clear/node_modules/express/lib/router/index.js:284:15
    at Function.process_params (/Users/user/Desktop/new-yt/yt-clear/node_modules/express/lib/router/index.js:346:12)
    at next (/Users/user/Desktop/new-yt/yt-clear/node_modules/express/lib/router/index.js:280:10)
    at Function.handle (/Users/user/Desktop/new-yt/yt-clear/node_modules/express/lib/router/index.js:175:3)
    at router (/Users/user/Desktop/new-yt/yt-clear/node_modules/express/lib/router/index.js:47:12)
Error loading feed: TypeError: db.all is not a function
    at file:///Users/user/Desktop/new-yt/yt-clear/api/routes/battalooda.js:72:37
    at Layer.handle [as handle_request] (/Users/user/Desktop/new-yt/yt-clear/node_modules/express/lib/router/layer.js:95:5)
    at next (/Users/user/Desktop/new-yt/yt-clear/node_modules/express/lib/router/route.js:149:13)
    at Route.dispatch (/Users/user/Desktop/new-yt/yt-clear/node_modules/express/lib/router/route.js:119:3)
    at Layer.handle [as handle_request] (/Users/user/Desktop/new-yt/yt-clear/node_modules/express/lib/router/layer.js:95:5)
    at /Users/user/Desktop/new-yt/yt-clear/node_modules/express/lib/router/index.js:284:15
    at Function.process_params (/Users/user/Desktop/new-yt/yt-clear/node_modules/express/lib/router/index.js:346:12)
    at next (/Users/user/Desktop/new-yt/yt-clear/node_modules/express/lib/router/index.js:280:10)
    at Function.handle (/Users/user/Desktop/new-yt/yt-clear/node_modules/express/lib/router/index.js:175:3)
    at router (/Users/user/Desktop/new-yt/yt-clear/node_modules/express/lib/router/index.js:47:12)
Error loading feed: TypeError: db.all is not a function
    at file:///Users/user/Desktop/new-yt/yt-clear/api/routes/battalooda.js:72:37
    at Layer.handle [as handle_request] (/Users/user/Desktop/new-yt/yt-clear/node_modules/express/lib/router/layer.js:95:5)
    at next (/Users/user/Desktop/new-yt/yt-clear/node_modules/express/lib/router/route.js:149:13)
    at Route.dispatch (/Users/user/Desktop/new-yt/yt-clear/node_modules/express/lib/router/route.js:119:3)
    at Layer.handle [as handle_request] (/Users/user/Desktop/new-yt/yt-clear/node_modules/express/lib/router/layer.js:95:5)
    at /Users/user/Desktop/new-yt/yt-clear/node_modules/express/lib/router/index.js:284:15
    at Function.process_params (/Users/user/Desktop/new-yt/yt-clear/node_modules/express/lib/router/index.js:346:12)
    at next (/Users/user/Desktop/new-yt/yt-clear/node_modules/express/lib/router/index.js:280:10)
    at Function.handle (/Users/user/Desktop/new-yt/yt-clear/node_modules/express/lib/router/index.js:175:3)
    at router (/Users/user/Desktop/new-yt/yt-clear/node_modules/express/lib/router/index.js:47:12)
Error loading feed: TypeError: db.all is not a function
    at file:///Users/user/Desktop/new-yt/yt-clear/api/routes/battalooda.js:72:37
    at Layer.handle [as handle_request] (/Users/user/Desktop/new-yt/yt-clear/node_modules/express/lib/router/layer.js:95:5)
    at next (/Users/user/Desktop/new-yt/yt-clear/node_modules/express/lib/router/route.js:149:13)
    at Route.dispatch (/Users/user/Desktop/new-yt/yt-clear/node_modules/express/lib/router/route.js:119:3)
    at Layer.handle [as handle_request] (/Users/user/Desktop/new-yt/yt-clear/node_modules/express/lib/router/layer.js:95:5)
    at /Users/user/Desktop/new-yt/yt-clear/node_modules/express/lib/router/index.js:284:15
    at Function.process_params (/Users/user/Desktop/new-yt/yt-clear/node_modules/express/lib/router/index.js:346:12)
    at next (/Users/user/Desktop/new-yt/yt-clear/node_modules/express/lib/router/index.js:280:10)
    at Function.handle (/Users/user/Desktop/new-yt/yt-clear/node_modules/express/lib/router/index.js:175:3)
    at router (/Users/user/Desktop/new-yt/yt-clear/node_modules/express/lib/router/index.js:47:12)
Error loading feed: TypeError: db.all is not a function
    at file:///Users/user/Desktop/new-yt/yt-clear/api/routes/battalooda.js:72:37
    at Layer.handle [as handle_request] (/Users/user/Desktop/new-yt/yt-clear/node_modules/express/lib/router/layer.js:95:5)
    at next (/Users/user/Desktop/new-yt/yt-clear/node_modules/express/lib/router/route.js:149:13)
    at Route.dispatch (/Users/user/Desktop/new-yt/yt-clear/node_modules/express/lib/router/route.js:119:3)
    at Layer.handle [as handle_request] (/Users/user/Desktop/new-yt/yt-clear/node_modules/express/lib/router/layer.js:95:5)
    at /Users/user/Desktop/new-yt/yt-clear/node_modules/express/lib/router/index.js:284:15
    at Function.process_params (/Users/user/Desktop/new-yt/yt-clear/node_modules/express/lib/router/index.js:346:12)
    at next (/Users/user/Desktop/new-yt/yt-clear/node_modules/express/lib/router/index.js:280:10)
    at Function.handle (/Users/user/Desktop/new-yt/yt-clear/node_modules/express/lib/router/index.js:175:3)
    at router (/Users/user/Desktop/new-yt/yt-clear/node_modules/express/lib/router/index.js:47:12)
Error loading feed: TypeError: db.all is not a function
    at file:///Users/user/Desktop/new-yt/yt-clear/api/routes/battalooda.js:72:37
    at Layer.handle [as handle_request] (/Users/user/Desktop/new-yt/yt-clear/node_modules/express/lib/router/layer.js:95:5)
    at next (/Users/user/Desktop/new-yt/yt-clear/node_modules/express/lib/router/route.js:149:13)
    at Route.dispatch (/Users/user/Desktop/new-yt/yt-clear/node_modules/express/lib/router/route.js:119:3)
    at Layer.handle [as handle_request] (/Users/user/Desktop/new-yt/yt-clear/node_modules/express/lib/router/layer.js:95:5)
    at /Users/user/Desktop/new-yt/yt-clear/node_modules/express/lib/router/index.js:284:15
    at Function.process_params (/Users/user/Desktop/new-yt/yt-clear/node_modules/express/lib/router/index.js:346:12)
    at next (/Users/user/Desktop/new-yt/yt-clear/node_modules/express/lib/router/index.js:280:10)
    at Function.handle (/Users/user/Desktop/new-yt/yt-clear/node_modules/express/lib/router/index.js:175:3)
    at router (/Users/user/Desktop/new-yt/yt-clear/node_modules/express/lib/router/index.js:47:12)
Error loading feed: TypeError: db.all is not a function
    at file:///Users/user/Desktop/new-yt/yt-clear/api/routes/battalooda.js:72:37
    at Layer.handle [as handle_request] (/Users/user/Desktop/new-yt/yt-clear/node_modules/express/lib/router/layer.js:95:5)
    at next (/Users/user/Desktop/new-yt/yt-clear/node_modules/express/lib/router/route.js:149:13)
    at Route.dispatch (/Users/user/Desktop/new-yt/yt-clear/node_modules/express/lib/router/route.js:119:3)
    at Layer.handle [as handle_request] (/Users/user/Desktop/new-yt/yt-clear/node_modules/express/lib/router/layer.js:95:5)
    at /Users/user/Desktop/new-yt/yt-clear/node_modules/express/lib/router/index.js:284:15
    at Function.process_params (/Users/user/Desktop/new-yt/yt-clear/node_modules/express/lib/router/index.js:346:12)
    at next (/Users/user/Desktop/new-yt/yt-clear/node_modules/express/lib/router/index.js:280:10)
    at Function.handle (/Users/user/Desktop/new-yt/yt-clear/node_modules/express/lib/router/index.js:175:3)
    at router (/Users/user/Desktop/new-yt/yt-clear/node_modules/express/lib/router/index.js:47:12)
Error loading feed: TypeError: db.all is not a function
    at file:///Users/user/Desktop/new-yt/yt-clear/api/routes/battalooda.js:72:37
    at Layer.handle [as handle_request] (/Users/user/Desktop/new-yt/yt-clear/node_modules/express/lib/router/layer.js:95:5)
    at next (/Users/user/Desktop/new-yt/yt-clear/node_modules/express/lib/router/route.js:149:13)
    at Route.dispatch (/Users/user/Desktop/new-yt/yt-clear/node_modules/express/lib/router/route.js:119:3)
    at Layer.handle [as handle_request] (/Users/user/Desktop/new-yt/yt-clear/node_modules/express/lib/router/layer.js:95:5)
    at /Users/user/Desktop/new-yt/yt-clear/node_modules/express/lib/router/index.js:284:15
    at Function.process_params (/Users/user/Desktop/new-yt/yt-clear/node_modules/express/lib/router/index.js:346:12)
    at next (/Users/user/Desktop/new-yt/yt-clear/node_modules/express/lib/router/index.js:280:10)
    at Function.handle (/Users/user/Desktop/new-yt/yt-clear/node_modules/express/lib/router/index.js:175:3)
    at router (/Users/user/Desktop/new-yt/yt-clear/node_modules/express/lib/router/index.js:47:12)
Error loading feed: TypeError: db.all is not a function
    at file:///Users/user/Desktop/new-yt/yt-clear/api/routes/battalooda.js:72:37
    at Layer.handle [as handle_request] (/Users/user/Desktop/new-yt/yt-clear/node_modules/express/lib/router/layer.js:95:5)
    at next (/Users/user/Desktop/new-yt/yt-clear/node_modules/express/lib/router/route.js:149:13)
    at Route.dispatch (/Users/user/Desktop/new-yt/yt-clear/node_modules/express/lib/router/route.js:119:3)
    at Layer.handle [as handle_request] (/Users/user/Desktop/new-yt/yt-clear/node_modules/express/lib/router/layer.js:95:5)
    at /Users/user/Desktop/new-yt/yt-clear/node_modules/express/lib/router/index.js:284:15
    at Function.process_params (/Users/user/Desktop/new-yt/yt-clear/node_modules/express/lib/router/index.js:346:12)
    at next (/Users/user/Desktop/new-yt/yt-clear/node_modules/express/lib/router/index.js:280:10)
    at Function.handle (/Users/user/Desktop/new-yt/yt-clear/node_modules/express/lib/router/index.js:175:3)
    at router (/Users/user/Desktop/new-yt/yt-clear/node_modules/express/lib/router/index.js:47:12)
Error loading feed: TypeError: db.all is not a function
    at file:///Users/user/Desktop/new-yt/yt-clear/api/routes/battalooda.js:72:37
    at Layer.handle [as handle_request] (/Users/user/Desktop/new-yt/yt-clear/node_modules/express/lib/router/layer.js:95:5)
    at next (/Users/user/Desktop/new-yt/yt-clear/node_modules/express/lib/router/route.js:149:13)
    at Route.dispatch (/Users/user/Desktop/new-yt/yt-clear/node_modules/express/lib/router/route.js:119:3)
    at Layer.handle [as handle_request] (/Users/user/Desktop/new-yt/yt-clear/node_modules/express/lib/router/layer.js:95:5)
    at /Users/user/Desktop/new-yt/yt-clear/node_modules/express/lib/router/index.js:284:15
    at Function.process_params (/Users/user/Desktop/new-yt/yt-clear/node_modules/express/lib/router/index.js:346:12)
    at next (/Users/user/Desktop/new-yt/yt-clear/node_modules/express/lib/router/index.js:280:10)
    at Function.handle (/Users/user/Desktop/new-yt/yt-clear/node_modules/express/lib/router/index.js:175:3)
    at router (/Users/user/Desktop/new-yt/yt-clear/node_modules/express/lib/router/index.js:47:12)
Error loading feed: TypeError: db.all is not a function
    at file:///Users/user/Desktop/new-yt/yt-clear/api/routes/battalooda.js:72:37
    at Layer.handle [as handle_request] (/Users/user/Desktop/new-yt/yt-clear/node_modules/express/lib/router/layer.js:95:5)
    at next (/Users/user/Desktop/new-yt/yt-clear/node_modules/express/lib/router/route.js:149:13)
    at Route.dispatch (/Users/user/Desktop/new-yt/yt-clear/node_modules/express/lib/router/route.js:119:3)
    at Layer.handle [as handle_request] (/Users/user/Desktop/new-yt/yt-clear/node_modules/express/lib/router/layer.js:95:5)
    at /Users/user/Desktop/new-yt/yt-clear/node_modules/express/lib/router/index.js:284:15
    at Function.process_params (/Users/user/Desktop/new-yt/yt-clear/node_modules/express/lib/router/index.js:346:12)
    at next (/Users/user/Desktop/new-yt/yt-clear/node_modules/express/lib/router/index.js:280:10)
    at Function.handle (/Users/user/Desktop/new-yt/yt-clear/node_modules/express/lib/router/index.js:175:3)
    at router (/Users/user/Desktop/new-yt/yt-clear/node_modules/express/lib/router/index.js:47:12)
Error loading feed: TypeError: db.all is not a function
    at file:///Users/user/Desktop/new-yt/yt-clear/api/routes/battalooda.js:72:37
    at Layer.handle [as handle_request] (/Users/user/Desktop/new-yt/yt-clear/node_modules/express/lib/router/layer.js:95:5)
    at next (/Users/user/Desktop/new-yt/yt-clear/node_modules/express/lib/router/route.js:149:13)
    at Route.dispatch (/Users/user/Desktop/new-yt/yt-clear/node_modules/express/lib/router/route.js:119:3)
    at Layer.handle [as handle_request] (/Users/user/Desktop/new-yt/yt-clear/node_modules/express/lib/router/layer.js:95:5)
    at /Users/user/Desktop/new-yt/yt-clear/node_modules/express/lib/router/index.js:284:15
    at Function.process_params (/Users/user/Desktop/new-yt/yt-clear/node_modules/express/lib/router/index.js:346:12)
    at next (/Users/user/Desktop/new-yt/yt-clear/node_modules/express/lib/router/index.js:280:10)
    at Function.handle (/Users/user/Desktop/new-yt/yt-clear/node_modules/express/lib/router/index.js:175:3)
    at router (/Users/user/Desktop/new-yt/yt-clear/node_modules/express/lib/router/index.js:47:12)
Error loading feed: TypeError: db.all is not a function
    at file:///Users/user/Desktop/new-yt/yt-clear/api/routes/battalooda.js:72:37
    at Layer.handle [as handle_request] (/Users/user/Desktop/new-yt/yt-clear/node_modules/express/lib/router/layer.js:95:5)
    at next (/Users/user/Desktop/new-yt/yt-clear/node_modules/express/lib/router/route.js:149:13)
    at Route.dispatch (/Users/user/Desktop/new-yt/yt-clear/node_modules/express/lib/router/route.js:119:3)
    at Layer.handle [as handle_request] (/Users/user/Desktop/new-yt/yt-clear/node_modules/express/lib/router/layer.js:95:5)
    at /Users/user/Desktop/new-yt/yt-clear/node_modules/express/lib/router/index.js:284:15
    at Function.process_params (/Users/user/Desktop/new-yt/yt-clear/node_modules/express/lib/router/index.js:346:12)
    at next (/Users/user/Desktop/new-yt/yt-clear/node_modules/express/lib/router/index.js:280:10)
    at Function.handle (/Users/user/Desktop/new-yt/yt-clear/node_modules/express/lib/router/index.js:175:3)
    at router (/Users/user/Desktop/new-yt/yt-clear/node_modules/express/lib/router/index.js:47:12)
Error loading feed: TypeError: db.all is not a function
    at file:///Users/user/Desktop/new-yt/yt-clear/api/routes/battalooda.js:72:37
    at Layer.handle [as handle_request] (/Users/user/Desktop/new-yt/yt-clear/node_modules/express/lib/router/layer.js:95:5)
    at next (/Users/user/Desktop/new-yt/yt-clear/node_modules/express/lib/router/route.js:149:13)
    at Route.dispatch (/Users/user/Desktop/new-yt/yt-clear/node_modules/express/lib/router/route.js:119:3)
    at Layer.handle [as handle_request] (/Users/user/Desktop/new-yt/yt-clear/node_modules/express/lib/router/layer.js:95:5)
    at /Users/user/Desktop/new-yt/yt-clear/node_modules/express/lib/router/index.js:284:15
    at Function.process_params (/Users/user/Desktop/new-yt/yt-clear/node_modules/express/lib/router/index.js:346:12)
    at next (/Users/user/Desktop/new-yt/yt-clear/node_modules/express/lib/router/index.js:280:10)
    at Function.handle (/Users/user/Desktop/new-yt/yt-clear/node_modules/express/lib/router/index.js:175:3)
    at router (/Users/user/Desktop/new-yt/yt-clear/node_modules/express/lib/router/index.js:47:12)
Error: listen EADDRINUSE: address already in use :::3001
    at Server.setupListenHandle [as _listen2] (node:net:1485:16)
    at listenInCluster (node:net:1533:12)
    at Server.listen (node:net:1621:7)
    at startServer (file:///Users/user/Desktop/new-yt/yt-clear/server.js:3868:10)
    at file:///Users/user/Desktop/new-yt/yt-clear/server.js:3923:1 {
  code: 'EADDRINUSE',
  errno: -48,
  syscall: 'listen',
  address: '::',
  port: 3001
}
💥 [CRITICAL] UNCAUGHT EXCEPTION: listen EADDRINUSE: address already in use :::3001
Error: listen EADDRINUSE: address already in use :::3001
    at Server.setupListenHandle [as _listen2] (node:net:1485:16)
    at listenInCluster (node:net:1533:12)
    at Server.listen (node:net:1621:7)
    at startServer (file:///Users/user/Desktop/new-yt/yt-clear/server.js:3868:10)
    at file:///Users/user/Desktop/new-yt/yt-clear/server.js:3923:1
💥 [CRITICAL] UNCAUGHT EXCEPTION: listen EADDRINUSE: address already in use :::3001
Error: listen EADDRINUSE: address already in use :::3001
    at Server.setupListenHandle [as _listen2] (node:net:1485:16)
    at listenInCluster (node:net:1533:12)
    at Server.listen (node:net:1621:7)
    at startServer (file:///Users/user/Desktop/new-yt/yt-clear/server.js:3868:10)
    at file:///Users/user/Desktop/new-yt/yt-clear/server.js:3923:1
