{"eventId":"34a5cd15-45c9-4ad8-a1db-334bdb44c983","version":"1.0","type":"UserToUser","status":"success","from":1,"to":2,"amount":10,"assetId":null,"reason":null,"timestamp":"2026-01-27T19:21:46.887Z","txHash":"c9d3c4a91b4bdd3b21e1ec0f1414af8dc68da26861a13a7bca79fc2b2c0b960b"}
{"eventId":"bed09113-1c3b-47e0-ac40-004263a4aa77","version":"1.0","type":"UserToUser","status":"success","from":2,"to":1,"amount":5,"assetId":null,"reason":null,"timestamp":"2026-01-27T19:21:46.896Z","txHash":"3ce8cdd2976d414c454fc96c0eeb95d4b7f71d0a6ce2c9848205ae1e3d5ea5ba"}
{"eventId":"ef306f16-7e02-4644-a180-292b4425d3fb","version":"1.0","type":"UserToUser","status":"success","from":1,"to":2,"amount":20,"assetId":null,"reason":null,"timestamp":"2026-01-27T19:21:46.897Z","txHash":"1ef26483889cf6a338a5392118886d11db0c5169c22bc59d9be5fa5f93936add"}
{"eventId":"caaf741b-c58e-42b8-822b-5fce8dd9f11c","version":"1.0","type":"UserToBankode","status":"success","from":2,"to":"Bankode","amount":10,"assetId":null,"reason":null,"timestamp":"2026-01-27T19:21:46.899Z","txHash":"89216120d93a6f040ba6669e116d389f2606149b2d003b5a1aec2e0ca15c1143"}
{"eventId":"2b55cc42-bd1f-489e-a7e2-f41a86f28933","version":"1.0","type":"BankodeToUser","status":"success","from":"Bankode","to":1,"amount":15,"assetId":null,"reason":null,"timestamp":"2026-01-27T19:21:46.900Z","txHash":"249fce62051f44fd336a29b3b0fd358f2fe288a7a66609e5a8e7e34efc6f58c7"}
{"eventId":"cee436eb-04ab-43cb-9dc9-b5b22845c984","version":"1.0","type":"UserToUser","status":"success","from":2,"to":1,"amount":5,"assetId":null,"reason":null,"timestamp":"2026-01-27T19:21:46.901Z","txHash":"2250e4594d345e4f6627363ecb6b6378b1b37caf9296d058dfa07205e82cd6eb"}
{"eventId":"de62d740-b40b-4d12-9fff-dffddb24aabe","version":"1.0","type":"UserToUser","status":"success","from":100,"to":101,"amount":5,"assetId":null,"reason":null,"timestamp":"2026-01-27T19:21:46.906Z","txHash":"b9115031a65a958c9e7c8de3dd11748fedc59ba73d8d8765961e17ec60982637"}
{"eventId":"1908d30b-3b45-4f1f-a565-d6faf373f929","version":"1.0","type":"UserToUser","status":"failed","from":100,"to":101,"amount":10,"assetId":null,"reason":"User balance cannot be negative","timestamp":"2026-01-27T19:21:46.907Z","txHash":"4604458c1ac16307c103bf7d2d1ffcc853d2605c28bbeb68a4b9e8f38cdf1f98"}
{"eventId":"5857c89a-a717-4535-8384-bc15b52e6aea","version":"1.0","type":"BankodeToUser","status":"success","to":101,"amount":100,"assetId":null,"reason":null,"timestamp":"2026-01-27T19:21:46.910Z","txHash":"6623559402ed6cf2be166d6bc8a3e0ac36120425be52ba550c73d9f30a0b8308"}
{"eventId":"24706efc-c0e2-4ac6-9d6d-2e89ac8c4466","version":"1.0","type":"UserToUser","status":"success","from":200,"to":201,"amount":5,"assetId":null,"reason":null,"timestamp":"2026-01-27T19:21:46.948Z","txHash":"4aaad4c58081a2e8c7ed600f6d94c4fe7f43c42fbac0341c13ec1d0b3cb70675"}
{"eventId":"fe251b0b-0d34-4d47-8bdb-6ecdd546e7a6","version":"1.0","type":"UserToUser","status":"success","from":200,"to":201,"amount":5,"assetId":null,"reason":null,"timestamp":"2026-01-27T19:21:46.949Z","txHash":"35bb445d3b7893df076815a5d0611447b081f10dac6b0efb4f57f212298645b4"}
{"eventId":"65921d13-f892-416d-a939-b9f65239fd63","version":"1.0","type":"UserToUser","status":"failed","from":200,"to":201,"amount":5,"assetId":null,"reason":"User balance cannot be negative","timestamp":"2026-01-27T19:21:46.951Z","txHash":"2876b4ca5eb31fe33ef13eb3c7ed051e367c6b1feb9df86e82f250f24bdeff8c"}
{"eventId":"76f4a9a2-41c3-4daf-baf5-1b84930727a0","version":"1.0","type":"UserToUser","status":"success","from":1,"to":2,"amount":10,"assetId":null,"reason":null,"timestamp":"2026-01-27T19:25:50.107Z","txHash":"5336338060ba755134e257b9a22fd84cae3f30190c51d932f88cac341d416c99"}
{"eventId":"89a7e508-546f-4967-aa34-bb87e39e6d55","version":"1.0","type":"UserToUser","status":"success","from":2,"to":1,"amount":5,"assetId":null,"reason":null,"timestamp":"2026-01-27T19:25:50.109Z","txHash":"12ae015a11b6346f8bf938692093aad49cb8b91633b7365fb1e9b0a1922914a2"}
{"eventId":"7c711e5b-239d-47c8-86d9-a1843e8d3def","version":"1.0","type":"UserToUser","status":"success","from":1,"to":2,"amount":20,"assetId":null,"reason":null,"timestamp":"2026-01-27T19:25:50.110Z","txHash":"033070205a3c8b75a2ef1a84db0ceebb4e63224546a8712f5c3ee345bdefe654"}
{"eventId":"d4a569ee-a849-470c-8fb5-2bed73c11a6a","version":"1.0","type":"UserToBankode","status":"success","from":2,"to":"Bankode","amount":10,"assetId":null,"reason":null,"timestamp":"2026-01-27T19:25:50.111Z","txHash":"64dfd3b7c950cc45408d315d67fbda255f20248dd6d5cec06a3a462612fef839"}
{"eventId":"79ecbb0f-bdbc-444a-9cea-bb5436d8efcd","version":"1.0","type":"BankodeToUser","status":"success","from":"Bankode","to":1,"amount":15,"assetId":null,"reason":null,"timestamp":"2026-01-27T19:25:50.112Z","txHash":"fa89629bf4be08739608b75be5f9a5eccefa97b54ec393a0ec37acfa810007c3"}
{"eventId":"6bdb41e0-1e67-47f8-8de1-e5ec606a6314","version":"1.0","type":"UserToUser","status":"success","from":2,"to":1,"amount":5,"assetId":null,"reason":null,"timestamp":"2026-01-27T19:25:50.113Z","txHash":"c31fa117d6d33cfa40e90bc8712fa8ad46f4bc8737c73dbc437b7a9dabaaa9ab"}
{"eventId":"91ca81e7-38f7-411c-bb3c-b5ebc0fac2ed","version":"1.0","type":"UserToUser","status":"success","from":100,"to":101,"amount":5,"assetId":null,"reason":null,"timestamp":"2026-01-27T19:25:50.115Z","txHash":"2f6ab4457c4339c0104cd5e36426cce46ecd42b5d946314de23f3b84dc434782"}
{"eventId":"76c5ba9c-b58e-4503-8e50-c8bb07e3af33","version":"1.0","type":"UserToUser","status":"failed","from":100,"to":101,"amount":10,"assetId":null,"reason":"User balance cannot be negative","timestamp":"2026-01-27T19:25:50.116Z","txHash":"235044ae57d8a234ef4d207ed24d08db58d93635d5cdd9539b1c59a187490fb9"}
{"eventId":"e390e2da-831c-41da-9cc5-557454a0cb1d","version":"1.0","type":"BankodeToUser","status":"success","to":101,"amount":100,"assetId":null,"reason":null,"timestamp":"2026-01-27T19:25:50.117Z","txHash":"c2753a8b5dd9a16cc85a9267617f4977dac8308f27127d8994b415ffa92def05"}
{"eventId":"eabf1fd4-79d4-4cbc-b918-ebd1f354b19a","version":"1.0","type":"UserToUser","status":"success","from":200,"to":201,"amount":5,"assetId":null,"reason":null,"timestamp":"2026-01-27T19:25:50.130Z","txHash":"5d71756dccfe84dfbd7c370b04c69f55fb1d1637c20ec832f8297e709543725c"}
{"eventId":"3e7345e3-d3a4-4b32-a936-929d8edbde83","version":"1.0","type":"UserToUser","status":"success","from":200,"to":201,"amount":5,"assetId":null,"reason":null,"timestamp":"2026-01-27T19:25:50.131Z","txHash":"128315bfdeb48f83fa6053432b5df329dc98b54e8f48f594f1241f35dd3afd72"}
{"eventId":"49475b9d-f49d-4ae3-afcc-0a26a500efc6","version":"1.0","type":"UserToUser","status":"failed","from":200,"to":201,"amount":5,"assetId":null,"reason":"User balance cannot be negative","timestamp":"2026-01-27T19:25:50.134Z","txHash":"e3e57ebf531362163989228c4de092512e771759d5ca32310c4916e5ee6f9f53"}
{"eventId":"a998c546-805c-46da-bd07-289bac3076bf","version":"1.0","type":"UserToUser","status":"failed","from":200,"to":201,"amount":10,"assetId":null,"reason":"User balance cannot be negative","timestamp":"2026-01-27T19:25:50.137Z","txHash":"259505729e1b3ad8ac859224d649c037e9fe8845dfe571034b24007d0fc8d7d1"}
{"eventId":"0b747839-5619-4943-92fe-2ae3dcb72786","version":"1.0","type":"UserToUser","status":"success","from":1,"to":2,"amount":10,"assetId":null,"reason":null,"timestamp":"2026-01-27T19:26:13.190Z","txHash":"29fa3e1b5e26aa8499d77c624e507de5912d670c4db38b67c95bb45eb9ffabbb"}
{"eventId":"de9e8c9c-4e33-4da9-acb6-ce5c0699c99f","version":"1.0","type":"UserToUser","status":"success","from":2,"to":1,"amount":5,"assetId":null,"reason":null,"timestamp":"2026-01-27T19:26:13.193Z","txHash":"6c08e0fa9684a303c762b2487196a61ec6cb4ade575bf99ae6d58e1227099624"}
{"eventId":"90e1bf39-6e2b-4b8c-a5cf-4dd43da003c2","version":"1.0","type":"UserToUser","status":"success","from":1,"to":2,"amount":20,"assetId":null,"reason":null,"timestamp":"2026-01-27T19:26:13.194Z","txHash":"b4fcb3fb963f32464c3f4e23f8967e709093c770baf879d69fde33f8a45a395a"}
{"eventId":"bd17ada7-f923-4859-917b-7cf53b219eef","version":"1.0","type":"UserToBankode","status":"success","from":2,"to":"Bankode","amount":10,"assetId":null,"reason":null,"timestamp":"2026-01-27T19:26:13.195Z","txHash":"7a75b13a2a8263e09237531c8e7605ec4793b2722a69b42bb1f43fd179a1d461"}
{"eventId":"9ae892e8-18af-41b1-abfe-d3c09e23149e","version":"1.0","type":"BankodeToUser","status":"success","from":"Bankode","to":1,"amount":15,"assetId":null,"reason":null,"timestamp":"2026-01-27T19:26:13.196Z","txHash":"2949fd87abab2b5e1b3a2be7cfa128b6e47c6dd5634ae652a6988a77016866ff"}
{"eventId":"982a0fe7-db9e-4077-b286-8be01f7265ab","version":"1.0","type":"UserToUser","status":"success","from":2,"to":1,"amount":5,"assetId":null,"reason":null,"timestamp":"2026-01-27T19:26:13.198Z","txHash":"bbf5e68dc8c7ed59f37790a8c0be43ca1aceb388b4e651f05fda0f7df45d0e06"}
{"eventId":"2202f42a-8868-4882-bc38-7d4ed49a0a51","version":"1.0","type":"UserToUser","status":"success","from":100,"to":101,"amount":5,"assetId":null,"reason":null,"timestamp":"2026-01-27T19:26:13.199Z","txHash":"dac0880bb6a95ba6b5f3940523243cecbadb2efba34892739423492a39e0604b"}
{"eventId":"cda73112-4fcf-4968-94b2-8c6ec2fe4c43","version":"1.0","type":"UserToUser","status":"failed","from":100,"to":101,"amount":10,"assetId":null,"reason":"User balance cannot be negative","timestamp":"2026-01-27T19:26:13.199Z","txHash":"a671ad9a2c8a4485df19d11269c71f2d5f2475015edfebd2a3aa4ca4cb7138e4"}
{"eventId":"eace03a1-6615-4cf2-9f78-1d015a8b2225","version":"1.0","type":"BankodeToUser","status":"success","to":101,"amount":100,"assetId":null,"reason":null,"timestamp":"2026-01-27T19:26:13.201Z","txHash":"cc5a36cde9940378a5824b072c62d14cd39234a6337b27da13d04ddb52830806"}
{"eventId":"a9cb855b-18d6-4861-b0cc-e3eba5ae3926","version":"1.0","type":"UserToUser","status":"success","from":200,"to":201,"amount":5,"assetId":null,"reason":null,"timestamp":"2026-01-27T19:26:13.213Z","txHash":"531757cf5ba99087e1ca0cd0c4a891f1d1ab2f16f2721db2e574dceaf5b018ce"}
{"eventId":"5cc7dd08-2491-4e1f-8480-79e17c0fadf3","version":"1.0","type":"UserToUser","status":"success","from":200,"to":201,"amount":5,"assetId":null,"reason":null,"timestamp":"2026-01-27T19:26:13.214Z","txHash":"274e1a7e0d0554986244d2ccbc914b1adc8e3c7c57b7578e08e86fc3c146c551"}
{"eventId":"e7ab82c9-fef8-42ad-aa1f-26f64c3864d4","version":"1.0","type":"UserToUser","status":"failed","from":200,"to":201,"amount":5,"assetId":null,"reason":"User balance cannot be negative","timestamp":"2026-01-27T19:26:13.219Z","txHash":"2f56da1933da762b598c1ed38225f01c1d9e9eb0def3d65bea675b02bfad4104"}
{"eventId":"2b51f067-aff6-48d9-bb65-9f42a407a4c8","version":"1.0","type":"UserToUser","status":"success","from":300,"to":301,"amount":10,"assetId":null,"reason":null,"timestamp":"2026-01-27T19:26:13.228Z","txHash":"a87a4ce487f947abab5eab99123cf77dfa00c7922fcf66b69f3e791805599900"}
{"eventId":"63c4f4d6-2645-4f8b-86b3-ebd78efe9564","version":"1.0","type":"UserToUser","status":"success","from":300,"to":301,"amount":5,"assetId":null,"reason":null,"timestamp":"2026-01-27T19:26:13.229Z","txHash":"d416f9eb062fbed7b554c3ec1119c06c7b8c658346dc3f48c6f85f2ff1f3665a"}
{"eventId":"2f79fa85-5ff3-4c17-b72e-53b21bc89603","version":"1.0","type":"AssetPurchase","status":"success","from":300,"amount":7,"assetId":"sku-xyz","reason":null,"timestamp":"2026-01-27T19:26:13.231Z","txHash":"ac8de0b5a132d5b72541cf8285adc596d54fd2c63be050d86f55d7370e54935b"}
{"eventId":"14428143-5d3d-45c2-9668-5b5b2b7d881b","version":"1.0","type":"UserToUser","status":"failed","from":300,"to":301,"amount":1000,"assetId":null,"reason":"User balance cannot be negative","timestamp":"2026-01-27T19:26:13.232Z","txHash":"baeca118de06d1c627198e059909237f5f9b8eeb1c1e3d9b9e506d1821912cc1"}
{"eventId":"7b0ec886-bb91-4b7d-8fc0-e4b31d10100f","version":"1.0","type":"AssetPurchase","status":"success","from":1001,"amount":7,"assetId":"sku-xyz","reason":null,"timestamp":"2026-01-27T22:32:44.828Z","txHash":"bea8ac7d6d8dc7199e37ef80e5c5676258c4d9b3b1d43001ca459e9c0e862753"}
{"eventId":"089669b7-7696-4f9a-8e7d-1554367339a0","version":"1.0","type":"UserToUser","status":"success","from":1001,"to":1002,"amount":5,"assetId":null,"reason":null,"timestamp":"2026-01-27T22:34:11.709Z","txHash":"658fee8b44ec397e7f846e67f25fd5ad12b98bb4daa8ba6f1a2f5008d167b9b5"}
{"eventId":"2f45237d-38ba-413b-9eab-62c77739b205","version":"1.0","type":"UserToUser","status":"success","from":1001,"to":1002,"amount":5,"assetId":null,"reason":null,"timestamp":"2026-01-27T22:34:20.126Z","txHash":"e76e4c6632d1825ae301ec8dd90b43c1b5337a231ab3aad3f4103a35fc2349e4"}
{"eventId":"dc1d2fe6-91fe-41c8-93ce-7c3753c6eea8","version":"1.0","type":"UserToUser","status":"success","from":1001,"to":1002,"amount":11,"assetId":null,"reason":null,"timestamp":"2026-01-27T22:34:27.432Z","txHash":"55b8a54c4622a22ab500439fc7aaadf1d673bc99871877ef4af680bdedfb3c6e"}
{"eventId":"75acd483-8e7c-4ecf-bfec-23499d251a3c","version":"1.0","type":"UserToUser","status":"success","from":1003,"to":1004,"amount":24,"assetId":null,"reason":null,"timestamp":"2026-01-27T22:40:27.888Z","txHash":"2b245c29d1860aea815f313c4053f9420f2019df8823b273d401efb72779f156"}
{"eventId":"a7d66af2-80b7-4bae-8bb6-072a0adce918","version":"1.0","type":"UserToUser","status":"success","from":1004,"to":1002,"amount":3,"assetId":null,"reason":null,"timestamp":"2026-01-27T22:43:22.709Z","txHash":"8015f95ddbf61a953530055c8d5fa1d2c5f4da4f665cca51f0bf30fa03502d30"}
{"eventId":"895ed37f-abca-4051-8b2c-93dbd0dbdfab","version":"1.0","type":"UserToUser","status":"success","from":1003,"to":1004,"amount":5,"assetId":null,"reason":null,"timestamp":"2026-01-27T23:10:03.161Z","txHash":"32d612e7869a0f70b9cd82c58cb088ebc0c5ee77c22858019c2755a2f673053e"}
{"eventId":"b7a03680-7f7b-4b1c-ad34-22202af8aa9a","version":"1.0","type":"UserToUser","status":"success","from":1003,"to":1004,"amount":7,"assetId":null,"reason":null,"timestamp":"2026-01-27T23:19:49.340Z","txHash":"3424d9cbfb3b8d6becb45718b2553d26f097297294e7d76072df9b9bcba839c6"}
